<?xml version="1.0" encoding="UTF-8"?>
<!-- Generated by org.testng.reporters.JUnitXMLReporter -->
<testsuite hostname="sudheer-PC" ignored="2" name="SampleGrouptest" tests="2" failures="0" timestamp="01 Nov 2017 11:18:46 GMT" time="0.048" errors="0">
  <testcase name="g" time="0.013" classname="testng_scenarios.TestngGroupTest"/>
  <testcase name="i" time="0.004" classname="testng_scenarios.TestngGroupTest"/>
  <testcase name="h" time="0.0" classname="testng_scenarios.TestngGroupTest">
    <ignored/>
  </testcase> <!-- h -->
  <testcase name="f" time="0.0" classname="testng_scenarios.TestngGroupTest">
    <ignored/>
  </testcase> <!-- f -->
</testsuite> <!-- SampleGrouptest -->
